running develop
running egg_info
creating pkg_vision.egg-info
writing pkg_vision.egg-info/PKG-INFO
writing dependency_links to pkg_vision.egg-info/dependency_links.txt
writing entry points to pkg_vision.egg-info/entry_points.txt
writing requirements to pkg_vision.egg-info/requires.txt
writing top-level names to pkg_vision.egg-info/top_level.txt
writing manifest file 'pkg_vision.egg-info/SOURCES.txt'
reading manifest file 'pkg_vision.egg-info/SOURCES.txt'
writing manifest file 'pkg_vision.egg-info/SOURCES.txt'
running build_ext
Creating /home/palopezw/Paltech/ros2_ws/install/pkg_vision/lib/python3.10/site-packages/pkg-vision.egg-link (link to .)
Installing vision script to /home/palopezw/Paltech/ros2_ws/install/pkg_vision/lib/pkg_vision

Installed /home/palopezw/Paltech/ros2_ws/build/pkg_vision
running symlink_data
creating /home/palopezw/Paltech/ros2_ws/install/pkg_vision/share/ament_index
creating /home/palopezw/Paltech/ros2_ws/install/pkg_vision/share/ament_index/resource_index
creating /home/palopezw/Paltech/ros2_ws/install/pkg_vision/share/ament_index/resource_index/packages
symbolically linking /home/palopezw/Paltech/ros2_ws/build/pkg_vision/resource/pkg_vision -> /home/palopezw/Paltech/ros2_ws/install/pkg_vision/share/ament_index/resource_index/packages
symbolically linking /home/palopezw/Paltech/ros2_ws/build/pkg_vision/package.xml -> /home/palopezw/Paltech/ros2_ws/install/pkg_vision/share/pkg_vision
