running develop
Removing /home/palopezw/Paltech/ros2_ws/install/pkg_vision/lib/python3.10/site-packages/pkg-vision.egg-link (link to .)
running egg_info
writing ../../build/pkg_vision/pkg_vision.egg-info/PKG-INFO
writing dependency_links to ../../build/pkg_vision/pkg_vision.egg-info/dependency_links.txt
writing entry points to ../../build/pkg_vision/pkg_vision.egg-info/entry_points.txt
writing requirements to ../../build/pkg_vision/pkg_vision.egg-info/requires.txt
writing top-level names to ../../build/pkg_vision/pkg_vision.egg-info/top_level.txt
reading manifest file '../../build/pkg_vision/pkg_vision.egg-info/SOURCES.txt'
writing manifest file '../../build/pkg_vision/pkg_vision.egg-info/SOURCES.txt'
running build
running build_py
creating /home/palopezw/Paltech/ros2_ws/build/pkg_vision/build
creating /home/palopezw/Paltech/ros2_ws/build/pkg_vision/build/lib
creating /home/palopezw/Paltech/ros2_ws/build/pkg_vision/build/lib/pkg_vision
copying pkg_vision/__init__.py -> /home/palopezw/Paltech/ros2_ws/build/pkg_vision/build/lib/pkg_vision
copying pkg_vision/vision.py -> /home/palopezw/Paltech/ros2_ws/build/pkg_vision/build/lib/pkg_vision
running install
running install_lib
creating /home/palopezw/Paltech/ros2_ws/install/pkg_vision/lib/python3.10/site-packages/pkg_vision
copying /home/palopezw/Paltech/ros2_ws/build/pkg_vision/build/lib/pkg_vision/__init__.py -> /home/palopezw/Paltech/ros2_ws/install/pkg_vision/lib/python3.10/site-packages/pkg_vision
copying /home/palopezw/Paltech/ros2_ws/build/pkg_vision/build/lib/pkg_vision/vision.py -> /home/palopezw/Paltech/ros2_ws/install/pkg_vision/lib/python3.10/site-packages/pkg_vision
byte-compiling /home/palopezw/Paltech/ros2_ws/install/pkg_vision/lib/python3.10/site-packages/pkg_vision/__init__.py to __init__.cpython-310.pyc
byte-compiling /home/palopezw/Paltech/ros2_ws/install/pkg_vision/lib/python3.10/site-packages/pkg_vision/vision.py to vision.cpython-310.pyc
running install_data
copying resource/pkg_vision -> /home/palopezw/Paltech/ros2_ws/install/pkg_vision/share/ament_index/resource_index/packages
copying package.xml -> /home/palopezw/Paltech/ros2_ws/install/pkg_vision/share/pkg_vision
running install_egg_info
Copying ../../build/pkg_vision/pkg_vision.egg-info to /home/palopezw/Paltech/ros2_ws/install/pkg_vision/lib/python3.10/site-packages/pkg_vision-0.0.0-py3.10.egg-info
running install_scripts
Installing vision script to /home/palopezw/Paltech/ros2_ws/install/pkg_vision/lib/pkg_vision
writing list of installed files to '/home/palopezw/Paltech/ros2_ws/build/pkg_vision/install.log'
