[0.390s] Invoking command in '/home/palopezw/Paltech/ros2_ws/build/pkg_vision': PYTHONPATH=/home/palopezw/Paltech/ros2_ws/build/pkg_vision/prefix_override:/usr/lib/python3/dist-packages/colcon_core/task/python/colcon_distutils_commands:/home/palopezw/Paltech/ros2_ws/install/pkg_vision/lib/python3.10/site-packages:${PYTHONPATH} /usr/bin/python3 -W ignore:setup.py install is deprecated -W ignore:easy_install command is deprecated setup.py develop --uninstall --editable --build-directory /home/palopezw/Paltech/ros2_ws/build/pkg_vision/build
[0.539s] running develop
[0.617s] Removing /home/palopezw/Paltech/ros2_ws/install/pkg_vision/lib/python3.10/site-packages/pkg-vision.egg-link (link to .)
[0.636s] Invoked command in '/home/palopezw/Paltech/ros2_ws/build/pkg_vision' returned '0': PYTHONPATH=/home/palopezw/Paltech/ros2_ws/build/pkg_vision/prefix_override:/usr/lib/python3/dist-packages/colcon_core/task/python/colcon_distutils_commands:/home/palopezw/Paltech/ros2_ws/install/pkg_vision/lib/python3.10/site-packages:${PYTHONPATH} /usr/bin/python3 -W ignore:setup.py install is deprecated -W ignore:easy_install command is deprecated setup.py develop --uninstall --editable --build-directory /home/palopezw/Paltech/ros2_ws/build/pkg_vision/build
[0.638s] Invoking command in '/home/palopezw/Paltech/ros2_ws/src/pkg_vision': PYTHONPATH=/home/palopezw/Paltech/ros2_ws/build/pkg_vision/prefix_override:/usr/lib/python3/dist-packages/colcon_core/task/python/colcon_distutils_commands:/home/palopezw/Paltech/ros2_ws/install/pkg_vision/lib/python3.10/site-packages:${PYTHONPATH} /usr/bin/python3 -W ignore:setup.py install is deprecated -W ignore:easy_install command is deprecated setup.py egg_info --egg-base ../../build/pkg_vision build --build-base /home/palopezw/Paltech/ros2_ws/build/pkg_vision/build install --record /home/palopezw/Paltech/ros2_ws/build/pkg_vision/install.log --single-version-externally-managed install_data --force
[0.772s] running egg_info
[0.773s] writing ../../build/pkg_vision/pkg_vision.egg-info/PKG-INFO
[0.773s] writing dependency_links to ../../build/pkg_vision/pkg_vision.egg-info/dependency_links.txt
[0.773s] writing entry points to ../../build/pkg_vision/pkg_vision.egg-info/entry_points.txt
[0.773s] writing requirements to ../../build/pkg_vision/pkg_vision.egg-info/requires.txt
[0.773s] writing top-level names to ../../build/pkg_vision/pkg_vision.egg-info/top_level.txt
[0.774s] reading manifest file '../../build/pkg_vision/pkg_vision.egg-info/SOURCES.txt'
[0.775s] writing manifest file '../../build/pkg_vision/pkg_vision.egg-info/SOURCES.txt'
[0.775s] running build
[0.775s] running build_py
[0.775s] creating /home/palopezw/Paltech/ros2_ws/build/pkg_vision/build
[0.776s] creating /home/palopezw/Paltech/ros2_ws/build/pkg_vision/build/lib
[0.776s] creating /home/palopezw/Paltech/ros2_ws/build/pkg_vision/build/lib/pkg_vision
[0.776s] copying pkg_vision/__init__.py -> /home/palopezw/Paltech/ros2_ws/build/pkg_vision/build/lib/pkg_vision
[0.776s] copying pkg_vision/vision.py -> /home/palopezw/Paltech/ros2_ws/build/pkg_vision/build/lib/pkg_vision
[0.776s] running install
[0.776s] running install_lib
[0.777s] creating /home/palopezw/Paltech/ros2_ws/install/pkg_vision/lib/python3.10/site-packages/pkg_vision
[0.777s] copying /home/palopezw/Paltech/ros2_ws/build/pkg_vision/build/lib/pkg_vision/__init__.py -> /home/palopezw/Paltech/ros2_ws/install/pkg_vision/lib/python3.10/site-packages/pkg_vision
[0.777s] copying /home/palopezw/Paltech/ros2_ws/build/pkg_vision/build/lib/pkg_vision/vision.py -> /home/palopezw/Paltech/ros2_ws/install/pkg_vision/lib/python3.10/site-packages/pkg_vision
[0.778s] byte-compiling /home/palopezw/Paltech/ros2_ws/install/pkg_vision/lib/python3.10/site-packages/pkg_vision/__init__.py to __init__.cpython-310.pyc
[0.778s] byte-compiling /home/palopezw/Paltech/ros2_ws/install/pkg_vision/lib/python3.10/site-packages/pkg_vision/vision.py to vision.cpython-310.pyc
[0.779s] running install_data
[0.779s] copying resource/pkg_vision -> /home/palopezw/Paltech/ros2_ws/install/pkg_vision/share/ament_index/resource_index/packages
[0.779s] copying package.xml -> /home/palopezw/Paltech/ros2_ws/install/pkg_vision/share/pkg_vision
[0.779s] running install_egg_info
[0.780s] Copying ../../build/pkg_vision/pkg_vision.egg-info to /home/palopezw/Paltech/ros2_ws/install/pkg_vision/lib/python3.10/site-packages/pkg_vision-0.0.0-py3.10.egg-info
[0.781s] running install_scripts
[0.795s] Installing vision script to /home/palopezw/Paltech/ros2_ws/install/pkg_vision/lib/pkg_vision
[0.795s] writing list of installed files to '/home/palopezw/Paltech/ros2_ws/build/pkg_vision/install.log'
[0.810s] Invoked command in '/home/palopezw/Paltech/ros2_ws/src/pkg_vision' returned '0': PYTHONPATH=/home/palopezw/Paltech/ros2_ws/build/pkg_vision/prefix_override:/usr/lib/python3/dist-packages/colcon_core/task/python/colcon_distutils_commands:/home/palopezw/Paltech/ros2_ws/install/pkg_vision/lib/python3.10/site-packages:${PYTHONPATH} /usr/bin/python3 -W ignore:setup.py install is deprecated -W ignore:easy_install command is deprecated setup.py egg_info --egg-base ../../build/pkg_vision build --build-base /home/palopezw/Paltech/ros2_ws/build/pkg_vision/build install --record /home/palopezw/Paltech/ros2_ws/build/pkg_vision/install.log --single-version-externally-managed install_data --force
